

===== [2026-06-29 19:44:57] EVOLVE LOOP START =====
max_cycles=50 patience=10

===== [2026-06-29 19:44:58] EVOLVE BASELINE =====
EvalSummary(0/20 = 0.0% | clear-variant: 0/1, concat-variant: 0/1, conversational-read: 0/6, delete-variant: 0/2, head-variant: 0/2, move-variant: 0/2, verbose-count: 0/4, verbose-create: 0/2)

===== [2026-06-29 19:44:58] EVOLVE ENFORCER =====
cycle=0 target=clear-variant
Category 'clear-variant' has 0/1 passing (0%). Failing: ['empty the file alpha.txt'].

===== [2026-06-29 19:45:01] EVOLVE KEEP =====
pattern='^empty the file (\S+)$' 0.0% -> 5.0%

===== [2026-06-29 19:45:02] EVOLVE CYCLE =====
cycle=0 kept=1/1 eval=0.0%->5.0%

===== [2026-06-29 19:45:02] EVOLVE ENFORCER =====
cycle=1 target=concat-variant
Category 'concat-variant' has 0/1 passing (0%). Failing: ['concatenate alpha.txt and beta.txt into gamma.txt'].

===== [2026-06-29 19:45:05] EVOLVE KEEP =====
pattern='^concatenate (\S+) and (\S+) into (\S+)$' 5.0% -> 10.0%

===== [2026-06-29 19:45:06] EVOLVE CYCLE =====
cycle=1 kept=1/1 eval=5.0%->10.0%

===== [2026-06-29 19:45:06] EVOLVE ENFORCER =====
cycle=2 target=conversational-read
Category 'conversational-read' has 0/6 passing (0%). Failing: ['show me alpha.txt', 'display alpha.txt', 'how many lines in alpha.txt'].

===== [2026-06-29 19:45:10] EVOLVE KEEP =====
pattern='^show me (\S+)$' 10.0% -> 15.0%

===== [2026-06-29 19:45:13] EVOLVE KEEP =====
pattern='^display (\S+)$' 15.0% -> 20.0%

===== [2026-06-29 19:45:16] EVOLVE KEEP =====
pattern='^cat (\S+)$' 20.0% -> 25.0%

===== [2026-06-29 19:45:20] EVOLVE KEEP =====
pattern='^view (\S+)$' 25.0% -> 30.0%

===== [2026-06-29 19:45:24] EVOLVE KEEP =====
pattern='^how many lines in (\S+)$' 30.0% -> 35.0%

===== [2026-06-29 19:45:27] EVOLVE KEEP =====
pattern='^how many words in (\S+)$' 35.0% -> 40.0%

===== [2026-06-29 19:45:28] EVOLVE CYCLE =====
cycle=2 kept=6/6 eval=10.0%->40.0%

===== [2026-06-29 19:45:28] EVOLVE ENFORCER =====
cycle=3 target=delete-variant
Category 'delete-variant' has 0/2 passing (0%). Failing: ['erase alpha.txt confirm', 'remove alpha.txt confirm'].

===== [2026-06-29 19:45:32] EVOLVE KEEP =====
pattern='^erase (\S+) confirm$' 40.0% -> 45.0%

===== [2026-06-29 19:45:36] EVOLVE KEEP =====
pattern='^remove (\S+) confirm$' 45.0% -> 50.0%

===== [2026-06-29 19:45:37] EVOLVE CYCLE =====
cycle=3 kept=2/2 eval=40.0%->50.0%

===== [2026-06-29 19:45:38] EVOLVE ENFORCER =====
cycle=4 target=head-variant
Category 'head-variant' has 0/2 passing (0%). Failing: ['get the first 3 lines of alpha.txt', 'show first 3 of alpha.txt'].

===== [2026-06-29 19:45:41] EVOLVE KEEP =====
pattern='^get the first (\d+) lines of (\S+)$' 50.0% -> 55.0%

===== [2026-06-29 19:45:45] EVOLVE KEEP =====
pattern='^show first (\d+) of (\S+)$' 55.0% -> 60.0%

===== [2026-06-29 19:45:46] EVOLVE CYCLE =====
cycle=4 kept=2/2 eval=50.0%->60.0%

===== [2026-06-29 19:45:47] EVOLVE ENFORCER =====
cycle=5 target=move-variant
Category 'move-variant' has 0/2 passing (0%). Failing: ['move file alpha.txt to beta.txt', 'duplicate alpha.txt to beta.txt'].

===== [2026-06-29 19:45:51] EVOLVE KEEP =====
pattern='^move file (\S+) to (\S+)$' 60.0% -> 65.0%

===== [2026-06-29 19:45:55] EVOLVE KEEP =====
pattern='^duplicate (\S+) to (\S+)$' 65.0% -> 70.0%

===== [2026-06-29 19:45:56] EVOLVE CYCLE =====
cycle=5 kept=2/2 eval=60.0%->70.0%

===== [2026-06-29 19:45:57] EVOLVE ENFORCER =====
cycle=6 target=verbose-count
Category 'verbose-count' has 0/4 passing (0%). Failing: ['count how many lines are in alpha.txt', 'tell me the word count of alpha.txt', 'what is the line count of alpha.txt'].

===== [2026-06-29 19:46:01] EVOLVE KEEP =====
pattern='^count how many lines are in (\S+)$' 70.0% -> 75.0%

===== [2026-06-29 19:46:05] EVOLVE KEEP =====
pattern='^tell me the word count of (\S+)$' 75.0% -> 80.0%

===== [2026-06-29 19:46:09] EVOLVE KEEP =====
pattern='^what is the line count of (\S+)$' 80.0% -> 85.0%

===== [2026-06-29 19:46:13] EVOLVE KEEP =====
pattern='^what is the word count for (\S+)$' 85.0% -> 90.0%

===== [2026-06-29 19:46:14] EVOLVE CYCLE =====
cycle=6 kept=4/4 eval=70.0%->90.0%

===== [2026-06-29 19:46:15] EVOLVE ENFORCER =====
cycle=7 target=verbose-create
Category 'verbose-create' has 0/2 passing (0%). Failing: ['create a new file alpha.txt with content "hello"', 'make a file called alpha.txt with content "test"'].

===== [2026-06-29 19:46:20] EVOLVE KEEP =====
pattern='^create a new file (\S+) with content "([^"]*)"$' 90.0% -> 95.0%

===== [2026-06-29 19:46:24] EVOLVE KEEP =====
pattern='^make a file called (\S+) with content "([^"]*)"$' 95.0% -> 100.0%

===== [2026-06-29 19:46:25] EVOLVE CYCLE =====
cycle=7 kept=2/2 eval=90.0%->100.0%

===== [2026-06-29 19:46:26] EVOLVE LOOP COMPLETE =====
All 20 passing!

===== [2026-06-29 19:46:27] EVOLVE LOOP END =====
final=EvalSummary(20/20 = 100.0% | clear-variant: 1/1, concat-variant: 1/1, conversational-read: 6/6, delete-variant: 2/2, head-variant: 2/2, move-variant: 2/2, verbose-count: 4/4, verbose-create: 2/2)
