
Collecting usage statistics. To deactivate, set browser.gatherUsageStats to false.

2026-06-29 12:01:35.446 Uvicorn server started on 0.0.0.0:8501

  You can now view your Streamlit app in your browser.

  Local URL: http://localhost:8501
  Network URL: http://192.168.0.19:8501
  External URL: http://82.167.53.40:8501

fit_columns_on_grid_load is not a valid gridOption or columnDef.
fit_columns_on_grid_load is not a valid gridOption or columnDef.
fit_columns_on_grid_load is not a valid gridOption or columnDef.
fit_columns_on_grid_load is not a valid gridOption or columnDef.
fit_columns_on_grid_load is not a valid gridOption or columnDef.
fit_columns_on_grid_load is not a valid gridOption or columnDef.
fit_columns_on_grid_load is not a valid gridOption or columnDef.
fit_columns_on_grid_load is not a valid gridOption or columnDef.
fit_columns_on_grid_load is not a valid gridOption or columnDef.
fit_columns_on_grid_load is not a valid gridOption or columnDef.
fit_columns_on_grid_load is not a valid gridOption or columnDef.
fit_columns_on_grid_load is not a valid gridOption or columnDef.
fit_columns_on_grid_load is not a valid gridOption or columnDef.
fit_columns_on_grid_load is not a valid gridOption or columnDef.
fit_columns_on_grid_load is not a valid gridOption or columnDef.
fit_columns_on_grid_load is not a valid gridOption or columnDef.
fit_columns_on_grid_load is not a valid gridOption or columnDef.
fit_columns_on_grid_load is not a valid gridOption or columnDef.
fit_columns_on_grid_load is not a valid gridOption or columnDef.
fit_columns_on_grid_load is not a valid gridOption or columnDef.
fit_columns_on_grid_load is not a valid gridOption or columnDef.
fit_columns_on_grid_load is not a valid gridOption or columnDef.
fit_columns_on_grid_load is not a valid gridOption or columnDef.
fit_columns_on_grid_load is not a valid gridOption or columnDef.
fit_columns_on_grid_load is not a valid gridOption or columnDef.
fit_columns_on_grid_load is not a valid gridOption or columnDef.
fit_columns_on_grid_load is not a valid gridOption or columnDef.
fit_columns_on_grid_load is not a valid gridOption or columnDef.
fit_columns_on_grid_load is not a valid gridOption or columnDef.
fit_columns_on_grid_load is not a valid gridOption or columnDef.
fit_columns_on_grid_load is not a valid gridOption or columnDef.
fit_columns_on_grid_load is not a valid gridOption or columnDef.
fit_columns_on_grid_load is not a valid gridOption or columnDef.
fit_columns_on_grid_load is not a valid gridOption or columnDef.
fit_columns_on_grid_load is not a valid gridOption or columnDef.
fit_columns_on_grid_load is not a valid gridOption or columnDef.
fit_columns_on_grid_load is not a valid gridOption or columnDef.
fit_columns_on_grid_load is not a valid gridOption or columnDef.
fit_columns_on_grid_load is not a valid gridOption or columnDef.
fit_columns_on_grid_load is not a valid gridOption or columnDef.
fit_columns_on_grid_load is not a valid gridOption or columnDef.
fit_columns_on_grid_load is not a valid gridOption or columnDef.
fit_columns_on_grid_load is not a valid gridOption or columnDef.
fit_columns_on_grid_load is not a valid gridOption or columnDef.
fit_columns_on_grid_load is not a valid gridOption or columnDef.
fit_columns_on_grid_load is not a valid gridOption or columnDef.
fit_columns_on_grid_load is not a valid gridOption or columnDef.
fit_columns_on_grid_load is not a valid gridOption or columnDef.
fit_columns_on_grid_load is not a valid gridOption or columnDef.
fit_columns_on_grid_load is not a valid gridOption or columnDef.
fit_columns_on_grid_load is not a valid gridOption or columnDef.
fit_columns_on_grid_load is not a valid gridOption or columnDef.
fit_columns_on_grid_load is not a valid gridOption or columnDef.
fit_columns_on_grid_load is not a valid gridOption or columnDef.
fit_columns_on_grid_load is not a valid gridOption or columnDef.
fit_columns_on_grid_load is not a valid gridOption or columnDef.
fit_columns_on_grid_load is not a valid gridOption or columnDef.
fit_columns_on_grid_load is not a valid gridOption or columnDef.
fit_columns_on_grid_load is not a valid gridOption or columnDef.
fit_columns_on_grid_load is not a valid gridOption or columnDef.
fit_columns_on_grid_load is not a valid gridOption or columnDef.
fit_columns_on_grid_load is not a valid gridOption or columnDef.
fit_columns_on_grid_load is not a valid gridOption or columnDef.
fit_columns_on_grid_load is not a valid gridOption or columnDef.
fit_columns_on_grid_load is not a valid gridOption or columnDef.
fit_columns_on_grid_load is not a valid gridOption or columnDef.
fit_columns_on_grid_load is not a valid gridOption or columnDef.
fit_columns_on_grid_load is not a valid gridOption or columnDef.
fit_columns_on_grid_load is not a valid gridOption or columnDef.
fit_columns_on_grid_load is not a valid gridOption or columnDef.
fit_columns_on_grid_load is not a valid gridOption or columnDef.
fit_columns_on_grid_load is not a valid gridOption or columnDef.
fit_columns_on_grid_load is not a valid gridOption or columnDef.
fit_columns_on_grid_load is not a valid gridOption or columnDef.
fit_columns_on_grid_load is not a valid gridOption or columnDef.
fit_columns_on_grid_load is not a valid gridOption or columnDef.
fit_columns_on_grid_load is not a valid gridOption or columnDef.
fit_columns_on_grid_load is not a valid gridOption or columnDef.
fit_columns_on_grid_load is not a valid gridOption or columnDef.
fit_columns_on_grid_load is not a valid gridOption or columnDef.
fit_columns_on_grid_load is not a valid gridOption or columnDef.
fit_columns_on_grid_load is not a valid gridOption or columnDef.
fit_columns_on_grid_load is not a valid gridOption or columnDef.
fit_columns_on_grid_load is not a valid gridOption or columnDef.
fit_columns_on_grid_load is not a valid gridOption or columnDef.
fit_columns_on_grid_load is not a valid gridOption or columnDef.
fit_columns_on_grid_load is not a valid gridOption or columnDef.
fit_columns_on_grid_load is not a valid gridOption or columnDef.
fit_columns_on_grid_load is not a valid gridOption or columnDef.
fit_columns_on_grid_load is not a valid gridOption or columnDef.
fit_columns_on_grid_load is not a valid gridOption or columnDef.
fit_columns_on_grid_load is not a valid gridOption or columnDef.
fit_columns_on_grid_load is not a valid gridOption or columnDef.
fit_columns_on_grid_load is not a valid gridOption or columnDef.
fit_columns_on_grid_load is not a valid gridOption or columnDef.
fit_columns_on_grid_load is not a valid gridOption or columnDef.
fit_columns_on_grid_load is not a valid gridOption or columnDef.
fit_columns_on_grid_load is not a valid gridOption or columnDef.
fit_columns_on_grid_load is not a valid gridOption or columnDef.
fit_columns_on_grid_load is not a valid gridOption or columnDef.
fit_columns_on_grid_load is not a valid gridOption or columnDef.
fit_columns_on_grid_load is not a valid gridOption or columnDef.
fit_columns_on_grid_load is not a valid gridOption or columnDef.
fit_columns_on_grid_load is not a valid gridOption or columnDef.
fit_columns_on_grid_load is not a valid gridOption or columnDef.
fit_columns_on_grid_load is not a valid gridOption or columnDef.
fit_columns_on_grid_load is not a valid gridOption or columnDef.
  Stopping...
